Build started 02-12-2014 00:55:42.
     1>Project "C:\Users\Feriluce\Dropbox\SpaceInvaderClone\SpaceInvaderClone\SpaceInvaderClone.vcxproj" on node 2 (Build target(s)).
     1>ClCompile:
         H:\Program Files (x86)\Microsoft Visual Studio 12.0\VC\bin\CL.exe /c /ZI /nologo /W3 /WX- /sdl /Od /Oy- /D _MBCS /Gm /EHsc /RTC1 /MDd /GS /fp:precise /Zc:wchar_t /Zc:forScope /Fo"Debug\\" /Fd"Debug\vc120.pdb" /Gd /TP /analyze- /errorReport:prompt Source\GameObject.cpp
         GameObject.cpp
       Link:
         H:\Program Files (x86)\Microsoft Visual Studio 12.0\VC\bin\link.exe /ERRORREPORT:PROMPT /OUT:"C:\Users\Feriluce\Dropbox\SpaceInvaderClone\Debug\SpaceInvaderClone.exe" /INCREMENTAL /NOLOGO SDL2.lib SDL2main.lib SDL2_image.lib SDL2_ttf.lib SDL2_mixer.lib kernel32.lib user32.lib gdi32.lib winspool.lib comdlg32.lib advapi32.lib shell32.lib ole32.lib oleaut32.lib uuid.lib odbc32.lib odbccp32.lib /NODEFAULTLIB:msvcrt.lib /MANIFEST /MANIFESTUAC:"level='asInvoker' uiAccess='false'" /manifest:embed /DEBUG /PDB:"C:\Users\Feriluce\Dropbox\SpaceInvaderClone\Debug\SpaceInvaderClone.pdb" /SUBSYSTEM:CONSOLE /TLBID:1 /DYNAMICBASE /NXCOMPAT /IMPLIB:"C:\Users\Feriluce\Dropbox\SpaceInvaderClone\Debug\SpaceInvaderClone.lib" /MACHINE:X86 Debug\Enemy.obj
         Debug\EnemyManager.obj
         Debug\Projectile.obj
         Debug\CollisionEvent.obj
         Debug\AudioEvent.obj
         Debug\ScoreCounter.obj
         Debug\ScoreEvent.obj
         Debug\InputEvent.obj
         Debug\Background.obj
         Debug\Player.obj
         Debug\main.obj
         Debug\GameObject.obj
         Debug\EventHandler.obj
         Debug\Vector2.obj
         Debug\Texture.obj
         Debug\SpaceInvaderClone.obj
         Debug\Timer.obj
         Debug\SpaceEvent.obj
         SpaceInvaderClone.vcxproj -> C:\Users\Feriluce\Dropbox\SpaceInvaderClone\Debug\SpaceInvaderClone.exe
     1>Done Building Project "C:\Users\Feriluce\Dropbox\SpaceInvaderClone\SpaceInvaderClone\SpaceInvaderClone.vcxproj" (Build target(s)).

Build succeeded.

Time Elapsed 00:00:01.20
