c:\users\feriluce\dropbox\spaceinvaderclone\spaceinvaderclone\debug\vc120.pdb
c:\users\feriluce\dropbox\spaceinvaderclone\spaceinvaderclone\debug\vc120.idb
c:\users\feriluce\dropbox\spaceinvaderclone\spaceinvaderclone\debug\audioevent.obj
c:\users\feriluce\dropbox\spaceinvaderclone\spaceinvaderclone\debug\scoreevent.obj
c:\users\feriluce\dropbox\spaceinvaderclone\spaceinvaderclone\debug\inputevent.obj
c:\users\feriluce\dropbox\spaceinvaderclone\spaceinvaderclone\debug\physics.obj
c:\users\feriluce\dropbox\spaceinvaderclone\spaceinvaderclone\debug\background.obj
c:\users\feriluce\dropbox\spaceinvaderclone\spaceinvaderclone\debug\player.obj
c:\users\feriluce\dropbox\spaceinvaderclone\spaceinvaderclone\debug\main.obj
c:\users\feriluce\dropbox\spaceinvaderclone\spaceinvaderclone\debug\gameobject.obj
c:\users\feriluce\dropbox\spaceinvaderclone\spaceinvaderclone\debug\eventhandler.obj
c:\users\feriluce\dropbox\spaceinvaderclone\spaceinvaderclone\debug\vector2.obj
c:\users\feriluce\dropbox\spaceinvaderclone\spaceinvaderclone\debug\texture.obj
c:\users\feriluce\dropbox\spaceinvaderclone\spaceinvaderclone\debug\spaceinvaderclone.obj
c:\users\feriluce\dropbox\spaceinvaderclone\spaceinvaderclone\debug\timer.obj
c:\users\feriluce\dropbox\spaceinvaderclone\spaceinvaderclone\debug\spaceevent.obj
c:\users\feriluce\dropbox\spaceinvaderclone\debug\spaceinvaderclone.pdb
c:\users\feriluce\dropbox\spaceinvaderclone\spaceinvaderclone\debug\spaceinv.6bcbac3c.tlog\cl.command.1.tlog
c:\users\feriluce\dropbox\spaceinvaderclone\spaceinvaderclone\debug\spaceinv.6bcbac3c.tlog\cl.read.1.tlog
c:\users\feriluce\dropbox\spaceinvaderclone\spaceinvaderclone\debug\spaceinv.6bcbac3c.tlog\cl.write.1.tlog
c:\users\feriluce\dropbox\spaceinvaderclone\spaceinvaderclone\debug\spaceinv.6bcbac3c.tlog\link.5992-cvtres.read.1.tlog
c:\users\feriluce\dropbox\spaceinvaderclone\spaceinvaderclone\debug\spaceinv.6bcbac3c.tlog\link.5992-cvtres.write.1.tlog
c:\users\feriluce\dropbox\spaceinvaderclone\spaceinvaderclone\debug\spaceinv.6bcbac3c.tlog\link.5992-rc.read.1.tlog
c:\users\feriluce\dropbox\spaceinvaderclone\spaceinvaderclone\debug\spaceinv.6bcbac3c.tlog\link.5992-rc.write.1.tlog
c:\users\feriluce\dropbox\spaceinvaderclone\spaceinvaderclone\debug\spaceinv.6bcbac3c.tlog\link.5992.read.1.tlog
c:\users\feriluce\dropbox\spaceinvaderclone\spaceinvaderclone\debug\spaceinv.6bcbac3c.tlog\link.5992.write.1.tlog
c:\users\feriluce\dropbox\spaceinvaderclone\spaceinvaderclone\debug\spaceinv.6bcbac3c.tlog\link.command.1.tlog
c:\users\feriluce\dropbox\spaceinvaderclone\spaceinvaderclone\debug\spaceinv.6bcbac3c.tlog\link.read.1.tlog
c:\users\feriluce\dropbox\spaceinvaderclone\spaceinvaderclone\debug\spaceinv.6bcbac3c.tlog\link.write.1.tlog
